<?xml version="1.0" encoding="UTF-8"?>
<!-- Generated by org.testng.reporters.JUnitReportReporter -->
<testsuite skipped="0" hostname="Gaurav-Java-VM" name="TestNGHCL" tests="4" failures="0" timestamp="2021-12-24T06:57:17 UTC" time="0.016" errors="0">
  <testcase name="test1" time="0.000" classname="TestNGHCL"/>
  <system-out/>
  <testcase name="test2" time="0.000" classname="TestNGHCL"/>
  <system-out/>
  <testcase name="test3" time="0.016" classname="TestNGHCL"/>
  <system-out/>
  <testcase name="test4" time="0.000" classname="TestNGHCL"/>
  <system-out/>
</testsuite> <!-- TestNGHCL -->
